#
# A fatal error has been detected by the Java Runtime Environment:
#
#  Internal Error (classFileParser.cpp:3174), pid=4884, tid=5888
#  Error: ShouldNotReachHere()
#
# JRE version: 6.0_18-b07
# Java VM: Java HotSpot(TM) Client VM (16.0-b13 mixed mode windows-x86 )
# If you would like to submit a bug report, please visit:
#   http://java.sun.com/webapps/bugreport/crash.jsp
#

---------------  T H R E A D  ---------------

Current thread (0x003b7000):  JavaThread "Unknown thread" [_thread_in_vm, id=5888, stack(0x008c0000,0x00910000)]

Stack: [0x008c0000,0x00910000],  sp=0x0090f8ac,  free space=13e0090f8bck
Native frames: (J=compiled Java code, j=interpreted, Vv=VM code, C=native code)
V  [jvm.dll+0x1f4000]
V  [jvm.dll+0xa1d79]
V  [jvm.dll+0x74ab1]
V  [jvm.dll+0x76154]
V  [jvm.dll+0x1c2395]
V  [jvm.dll+0x1c2acd]
V  [jvm.dll+0x1c2e85]
V  [jvm.dll+0x1c2ecb]
V  [jvm.dll+0x1c2ff2]
V  [jvm.dll+0x1c306a]
V  [jvm.dll+0x1c351d]
V  [jvm.dll+0x1c3922]
V  [jvm.dll+0x1e3ed3]
V  [jvm.dll+0x1e42ac]
V  [jvm.dll+0xd88c1]
V  [jvm.dll+0x1ddae8]
V  [jvm.dll+0x1030a0]
C  [javaw.exe+0x1657]
C  [javaw.exe+0x1e2c]
C  [javaw.exe+0x8614]
C  [kernel32.dll+0xb729]


---------------  P R O C E S S  ---------------

Java Threads: ( => current thread )

Other Threads:

=>0x003b7000 (exited) JavaThread "Unknown thread" [_thread_in_vm, id=5888, stack(0x008c0000,0x00910000)]

VM state:not at safepoint (not fully initialized)

VM Mutex/Monitor currently owned by a thread: None

Dynamic libraries:
0x00400000 - 0x00424000 	C:\Program Files\Java\jdk1.6.0_18\bin\javaw.exe
0x7c900000 - 0x7c9b2000 	C:\WINDOWS\system32\ntdll.dll
0x7c800000 - 0x7c8f6000 	C:\WINDOWS\system32\kernel32.dll
0x77dd0000 - 0x77e6b000 	C:\WINDOWS\system32\ADVAPI32.dll
0x77e70000 - 0x77f02000 	C:\WINDOWS\system32\RPCRT4.dll
0x77fe0000 - 0x77ff1000 	C:\WINDOWS\system32\Secur32.dll
0x7e410000 - 0x7e4a1000 	C:\WINDOWS\system32\USER32.dll
0x77f10000 - 0x77f59000 	C:\WINDOWS\system32\GDI32.dll
0x76390000 - 0x763ad000 	C:\WINDOWS\system32\IMM32.DLL
0x629c0000 - 0x629c9000 	C:\WINDOWS\system32\LPK.DLL
0x74d90000 - 0x74dfb000 	C:\WINDOWS\system32\USP10.dll
0x7c340000 - 0x7c396000 	C:\Program Files\Java\jdk1.6.0_18\jre\bin\msvcr71.dll
0x6d8b0000 - 0x6db47000 	C:\Program Files\Java\jdk1.6.0_18\jre\bin\client\jvm.dll
0x76b40000 - 0x76b6d000 	C:\WINDOWS\system32\WINMM.dll
0x6d860000 - 0x6d86c000 	C:\Program Files\Java\jdk1.6.0_18\jre\bin\verify.dll
0x6d3e0000 - 0x6d3ff000 	C:\Program Files\Java\jdk1.6.0_18\jre\bin\java.dll
0x6d340000 - 0x6d348000 	C:\Program Files\Java\jdk1.6.0_18\jre\bin\hpi.dll
0x76bf0000 - 0x76bfb000 	C:\WINDOWS\system32\PSAPI.DLL
0x6d8a0000 - 0x6d8af000 	C:\Program Files\Java\jdk1.6.0_18\jre\bin\zip.dll

VM Arguments:
jvm_args: -Dfile.encoding=Cp1252 -Xbootclasspath:D:\Dev\android-sdk-windows\platforms\android-8\android.jar 
java_command: org.eclipse.jdt.internal.junit.runner.RemoteTestRunner -version 3 -port 1580 -testLoaderClass org.eclipse.jdt.internal.junit4.runner.JUnit4TestLoader -loaderpluginname org.eclipse.jdt.junit4.runtime -classNames com.minotaur.test.GameStateTest
Launcher Type: SUN_STANDARD

Environment Variables:
CLASSPATH=.;
PATH=C:/Program Files/Java/jre6/bin/client;C:/Program Files/Java/jre6/bin;C:\Program Files\NVIDIA Corporation\PhysX\Common;C:\WINDOWS\system32;C:\WINDOWS;C:\WINDOWS\System32\Wbem;C:\Program Files\ATI Technologies\ATI Control Panel;C:\Program Files\VDMSound;C:\Program Files\Common Files\GTK\2.0\bin;C:\WINDOWS\system32\WindowsPowerShell\v1.0;C:\Program Files\QuickTime\QTSystem\;D:\Dev\Mercurial\;D:\Dev\Git\cmd;C:\Program Files\Haskell\bin;C:\Program Files\Common Files\Shoes\0.r811\..;C:\Program Files\Common Files\Shoes\0.r811\0.r873\..;C:\Program Files\Common Files\Shoes\0.r811\0.r873\0.r811\..;C:\Program Files\Common Files\Shoes\0.r1091\..;C:\Program Files\Common Files\Shoes\0.r1134\..;C:\rubygems;C:\ruby\bin\;D:\play\;C:\Program Files\Java\jdk1.6.0_18\bin;D:\Dev\clojure\
USERNAME=Ryan
OS=Windows_NT
PROCESSOR_IDENTIFIER=x86 Family 6 Model 15 Stepping 11, GenuineIntel



---------------  S Y S T E M  ---------------

OS: Windows XP Build 2600 Service Pack 3

CPU:total 2 (2 cores per cpu, 1 threads per core) family 6 model 15 stepping 11, cmov, cx8, fxsr, mmx, sse, sse2, sse3, ssse3

Memory: 4k page, physical 2095532k(698708k free), swap 6128968k(4370632k free)

vm_info: Java HotSpot(TM) Client VM (16.0-b13) for windows-x86 JRE (1.6.0_18-b07), built on Dec 17 2009 13:35:55 by "java_re" with MS VC++ 7.1 (VS2003)

time: Sat Aug 14 22:34:15 2010
elapsed time: 0 seconds

